<?xml version="1.0" encoding="UTF-8"?>
<testsuite xmlns:xsi="http://www.w3.org/2001/XMLSchema-instance" xsi:noNamespaceSchemaLocation="https://maven.apache.org/surefire/maven-surefire-plugin/xsd/surefire-test-report-3.0.xsd" version="3.0" name="RunnerFile.Testrunner" time="1.061" tests="1" errors="0" skipped="0" failures="1">
  <properties>
[...]
</properties>
  <testcase name="setUpClass" classname="RunnerFile.Testrunner" time="0.821">
    <failure message="The plugin specification &apos;com.aventstack.extentreports.cucumber.adapter.ExtentCucumberAdapter&apos; has a problem:&#10;&#10;Could not load plugin class &apos;com.aventstack.extentreports.cucumber.adapter.ExtentCucumberAdapter&apos;.&#10;&#10;Plugin specifications should have the format of PLUGIN[:[PATH|[URI [OPTIONS]]]&#10;&#10;Valid values for PLUGIN are: default_summary, html, json, junit, message, null_summary, pretty, progress, rerun, summary, teamcity, testng, timeline, unused, usage&#10;&#10;PLUGIN can also be a fully qualified class name, allowing registration of 3rd party plugins. The 3rd party plugin must implement io.cucumber.plugin.Plugin" type="java.lang.IllegalArgumentException"><![CDATA[java.lang.IllegalArgumentException: 
The plugin specification 'com.aventstack.extentreports.cucumber.adapter.ExtentCucumberAdapter' has a problem:

Could not load plugin class 'com.aventstack.extentreports.cucumber.adapter.ExtentCucumberAdapter'.

Plugin specifications should have the format of PLUGIN[:[PATH|[URI [OPTIONS]]]

Valid values for PLUGIN are: default_summary, html, json, junit, message, null_summary, pretty, progress, rerun, summary, teamcity, testng, timeline, unused, usage

PLUGIN can also be a fully qualified class name, allowing registration of 3rd party plugins. The 3rd party plugin must implement io.cucumber.plugin.Plugin
Caused by: java.lang.NoClassDefFoundError: cucumber/api/event/ConcurrentEventListener
Caused by: java.lang.ClassNotFoundException: cucumber.api.event.ConcurrentEventListener
]]></failure>
  </testcase>
</testsuite>